<?xml version="1.0" encoding="UTF-8"?>
<testng-results skipped="0" failed="0" ignored="0" total="0" passed="0">
  <reporter-output>
  </reporter-output>
  <suite name="Suite" duration-ms="17" started-at="2018-01-27T05:13:43Z" finished-at="2018-01-27T05:13:43Z">
    <groups>
    </groups>
    <test name="Test" duration-ms="17" started-at="2018-01-27T05:13:43Z" finished-at="2018-01-27T05:13:43Z">
      <class name="testcases.testbase">
        <test-method status="PASS" signature="Initialise()[pri:0, instance:testcases.testbase@10bdf5e5]" name="Initialise" is-config="true" duration-ms="22528" started-at="2018-01-27T18:13:20Z" finished-at="2018-01-27T18:13:43Z">
          <reporter-output>
          </reporter-output>
        </test-method> <!-- Initialise -->
      </class> <!-- testcases.testbase -->
    </test> <!-- Test -->
  </suite> <!-- Suite -->
</testng-results>
